# JRE version: OpenJDK Runtime Environment (8.0_152-b02) (build 1.8.0_152-release-1024-b02)
# Java VM: OpenJDK 64-Bit Server VM (25.152-b02 mixed mode windows-amd64 compressed oops)
Heap:
 PSYoungGen      total 198144K, used 102611K [0x00000000e0000000, 0x00000000efd80000, 0x0000000100000000)
  eden space 158720K, 59% used [0x00000000e0000000,0x00000000e5c506d0,0x00000000e9b00000)
  from space 39424K, 20% used [0x00000000e9b00000,0x00000000ea2e4730,0x00000000ec180000)
  to   space 39936K, 0% used [0x00000000ed680000,0x00000000ed680000,0x00000000efd80000)
 ParOldGen       total 380928K, used 61687K [0x00000000a0000000, 0x00000000b7400000, 0x00000000e0000000)
  object space 380928K, 16% used [0x00000000a0000000,0x00000000a3c3de88,0x00000000b7400000)
 Metaspace       used 96846K, capacity 100616K, committed 101452K, reserved 1136640K
  class space    used 12365K, capacity 13183K, committed 13428K, reserved 1048576K
GC Heap History (10 events):
Event: 3734.786 GC heap before
{Heap before GC invocations=19 (full 3):
 PSYoungGen      total 186880K, used 186812K [0x00000000e0000000, 0x00000000eea00000, 0x0000000100000000)
  eden space 168448K, 100% used [0x00000000e0000000,0x00000000ea480000,0x00000000ea480000)
  from space 18432K, 99% used [0x00000000ec000000,0x00000000ed1ef300,0x00000000ed200000)
  to   space 24576K, 0% used [0x00000000ed200000,0x00000000ed200000,0x00000000eea00000)
 ParOldGen       total 261120K, used 63217K [0x00000000a0000000, 0x00000000aff00000, 0x00000000e0000000)
  object space 261120K, 24% used [0x00000000a0000000,0x00000000a3dbc6a8,0x00000000aff00000)
 Metaspace       used 84534K, capacity 87676K, committed 87896K, reserved 1126400K
  class space    used 10876K, capacity 11596K, committed 11648K, reserved 1048576K
Event: 3734.804 GC heap after
Heap after GC invocations=19 (full 3):
 PSYoungGen      total 189440K, used 24549K [0x00000000e0000000, 0x00000000eea00000, 0x0000000100000000)
  eden space 164864K, 0% used [0x00000000e0000000,0x00000000e0000000,0x00000000ea100000)
  from space 24576K, 99% used [0x00000000ed200000,0x00000000ee9f9730,0x00000000eea00000)
  to   space 36864K, 0% used [0x00000000ea200000,0x00000000ea200000,0x00000000ec600000)
 ParOldGen       total 261120K, used 65324K [0x00000000a0000000, 0x00000000aff00000, 0x00000000e0000000)
  object space 261120K, 25% used [0x00000000a0000000,0x00000000a3fcb110,0x00000000aff00000)
 Metaspace       used 84534K, capacity 87676K, committed 87896K, reserved 1126400K
  class space    used 10876K, capacity 11596K, committed 11648K, reserved 1048576K
}
Event: 3737.118 GC heap before
{Heap before GC invocations=20 (full 3):
 PSYoungGen      total 189440K, used 189413K [0x00000000e0000000, 0x00000000eea00000, 0x0000000100000000)
  eden space 164864K, 100% used [0x00000000e0000000,0x00000000ea100000,0x00000000ea100000)
  from space 24576K, 99% used [0x00000000ed200000,0x00000000ee9f9730,0x00000000eea00000)
  to   space 36864K, 0% used [0x00000000ea200000,0x00000000ea200000,0x00000000ec600000)
 ParOldGen       total 261120K, used 65324K [0x00000000a0000000, 0x00000000aff00000, 0x00000000e0000000)
  object space 261120K, 25% used [0x00000000a0000000,0x00000000a3fcb110,0x00000000aff00000)
 Metaspace       used 91438K, capacity 94888K, committed 95064K, reserved 1132544K
  class space    used 11829K, capacity 12633K, committed 12672K, reserved 1048576K
Event: 3737.136 GC heap after
Heap after GC invocations=20 (full 3):
 PSYoungGen      total 187392K, used 25559K [0x00000000e0000000, 0x00000000ee800000, 0x0000000100000000)
  eden space 161792K, 0% used [0x00000000e0000000,0x00000000e0000000,0x00000000e9e00000)
  from space 25600K, 99% used [0x00000000ea200000,0x00000000ebaf5cc8,0x00000000ebb00000)
  to   space 37888K, 0% used [0x00000000ec300000,0x00000000ec300000,0x00000000ee800000)
 ParOldGen       total 261120K, used 74590K [0x00000000a0000000, 0x00000000aff00000, 0x00000000e0000000)
  object space 261120K, 28% used [0x00000000a0000000,0x00000000a48d78a8,0x00000000aff00000)
 Metaspace       used 91438K, capacity 94888K, committed 95064K, reserved 1132544K
  class space    used 11829K, capacity 12633K, committed 12672K, reserved 1048576K
}
Event: 3738.134 GC heap before
{Heap before GC invocations=21 (full 3):
 PSYoungGen      total 187392K, used 145258K [0x00000000e0000000, 0x00000000ee800000, 0x0000000100000000)
  eden space 161792K, 73% used [0x00000000e0000000,0x00000000e74e4d10,0x00000000e9e00000)
  from space 25600K, 99% used [0x00000000ea200000,0x00000000ebaf5cc8,0x00000000ebb00000)
  to   space 37888K, 0% used [0x00000000ec300000,0x00000000ec300000,0x00000000ee800000)
 ParOldGen       total 261120K, used 74590K [0x00000000a0000000, 0x00000000aff00000, 0x00000000e0000000)
  object space 261120K, 28% used [0x00000000a0000000,0x00000000a48d78a8,0x00000000aff00000)
 Metaspace       used 94269K, capacity 98286K, committed 98380K, reserved 1134592K
  class space    used 12216K, capacity 13078K, committed 13172K, reserved 1048576K
Event: 3738.159 GC heap after
Heap after GC invocations=21 (full 3):
 PSYoungGen      total 196608K, used 29251K [0x00000000e0000000, 0x00000000ee800000, 0x0000000100000000)
  eden space 158720K, 0% used [0x00000000e0000000,0x00000000e0000000,0x00000000e9b00000)
  from space 37888K, 77% used [0x00000000ec300000,0x00000000edf90f80,0x00000000ee800000)
  to   space 39424K, 0% used [0x00000000e9b00000,0x00000000e9b00000,0x00000000ec180000)
 ParOldGen       total 261120K, used 74598K [0x00000000a0000000, 0x00000000aff00000, 0x00000000e0000000)
  object space 261120K, 28% used [0x00000000a0000000,0x00000000a48d98a8,0x00000000aff00000)
 Metaspace       used 94269K, capacity 98286K, committed 98380K, reserved 1134592K
  class space    used 12216K, capacity 13078K, committed 13172K, reserved 1048576K
}
Event: 3738.159 GC heap before
{Heap before GC invocations=22 (full 4):
 PSYoungGen      total 196608K, used 29251K [0x00000000e0000000, 0x00000000ee800000, 0x0000000100000000)
  eden space 158720K, 0% used [0x00000000e0000000,0x00000000e0000000,0x00000000e9b00000)
  from space 37888K, 77% used [0x00000000ec300000,0x00000000edf90f80,0x00000000ee800000)
  to   space 39424K, 0% used [0x00000000e9b00000,0x00000000e9b00000,0x00000000ec180000)
 ParOldGen       total 261120K, used 74598K [0x00000000a0000000, 0x00000000aff00000, 0x00000000e0000000)
  object space 261120K, 28% used [0x00000000a0000000,0x00000000a48d98a8,0x00000000aff00000)
 Metaspace       used 94269K, capacity 98286K, committed 98380K, reserved 1134592K
  class space    used 12216K, capacity 13078K, committed 13172K, reserved 1048576K
Event: 3738.374 GC heap after
Heap after GC invocations=22 (full 4):
 PSYoungGen      total 196608K, used 0K [0x00000000e0000000, 0x00000000ee800000, 0x0000000100000000)
  eden space 158720K, 0% used [0x00000000e0000000,0x00000000e0000000,0x00000000e9b00000)
  from space 37888K, 0% used [0x00000000ec300000,0x00000000ec300000,0x00000000ee800000)
  to   space 39424K, 0% used [0x00000000e9b00000,0x00000000e9b00000,0x00000000ec180000)
 ParOldGen       total 380928K, used 61679K [0x00000000a0000000, 0x00000000b7400000, 0x00000000e0000000)
  object space 380928K, 16% used [0x00000000a0000000,0x00000000a3c3be88,0x00000000b7400000)
 Metaspace       used 93198K, capacity 96468K, committed 98380K, reserved 1134592K
  class space    used 12023K, capacity 12749K, committed 13172K, reserved 1048576K
}
Event: 4042.834 GC heap before
{Heap before GC invocations=23 (full 4):
 PSYoungGen      total 196608K, used 158713K [0x00000000e0000000, 0x00000000ee800000, 0x0000000100000000)
  eden space 158720K, 99% used [0x00000000e0000000,0x00000000e9afe460,0x00000000e9b00000)
  from space 37888K, 0% used [0x00000000ec300000,0x00000000ec300000,0x00000000ee800000)
  to   space 39424K, 0% used [0x00000000e9b00000,0x00000000e9b00000,0x00000000ec180000)
 ParOldGen       total 380928K, used 61679K [0x00000000a0000000, 0x00000000b7400000, 0x00000000e0000000)
  object space 380928K, 16% used [0x00000000a0000000,0x00000000a3c3be88,0x00000000b7400000)
 Metaspace       used 96547K, capacity 100286K, committed 101068K, reserved 1136640K
  class space    used 12332K, capacity 13144K, committed 13300K, reserved 1048576K
Event: 4042.840 GC heap after
Heap after GC invocations=23 (full 4):
 PSYoungGen      total 198144K, used 8081K [0x00000000e0000000, 0x00000000efd80000, 0x0000000100000000)
  eden space 158720K, 0% used [0x00000000e0000000,0x00000000e0000000,0x00000000e9b00000)
  from space 39424K, 20% used [0x00000000e9b00000,0x00000000ea2e4730,0x00000000ec180000)
  to   space 39936K, 0% used [0x00000000ed680000,0x00000000ed680000,0x00000000efd80000)
 ParOldGen       total 380928K, used 61687K [0x00000000a0000000, 0x00000000b7400000, 0x00000000e0000000)
  object space 380928K, 16% used [0x00000000a0000000,0x00000000a3c3de88,0x00000000b7400000)
 Metaspace       used 96547K, capacity 100286K, committed 101068K, reserved 1136640K
  class space    used 12332K, capacity 13144K, committed 13300K, reserved 1048576K
}

