# JRE version: OpenJDK Runtime Environment (8.0_152-b02) (build 1.8.0_152-release-1024-b02)
# Java VM: OpenJDK 64-Bit Server VM (25.152-b02 mixed mode windows-amd64 compressed oops)
Heap:
 PSYoungGen      total 141824K, used 8434K [0x00000000e0000000, 0x00000000ed480000, 0x0000000100000000)
  eden space 131072K, 6% used [0x00000000e0000000,0x00000000e083cbd0,0x00000000e8000000)
  from space 10752K, 0% used [0x00000000e8000000,0x00000000e8000000,0x00000000e8a80000)
  to   space 10752K, 0% used [0x00000000eca00000,0x00000000eca00000,0x00000000ed480000)
 ParOldGen       total 140288K, used 19632K [0x00000000a0000000, 0x00000000a8900000, 0x00000000e0000000)
  object space 140288K, 13% used [0x00000000a0000000,0x00000000a132c2e8,0x00000000a8900000)
 Metaspace       used 35434K, capacity 35955K, committed 36136K, reserved 1081344K
  class space    used 4422K, capacity 4580K, committed 4648K, reserved 1048576K
GC Heap History (10 events):
Event: 1.687 GC heap before
{Heap before GC invocations=4 (full 1):
 PSYoungGen      total 76288K, used 12965K [0x00000000e0000000, 0x00000000e5500000, 0x0000000100000000)
  eden space 65536K, 3% used [0x00000000e0000000,0x00000000e0231458,0x00000000e4000000)
  from space 10752K, 99% used [0x00000000e4a80000,0x00000000e54f80e0,0x00000000e5500000)
  to   space 10752K, 0% used [0x00000000e4000000,0x00000000e4000000,0x00000000e4a80000)
 ParOldGen       total 175104K, used 5977K [0x00000000a0000000, 0x00000000aab00000, 0x00000000e0000000)
  object space 175104K, 3% used [0x00000000a0000000,0x00000000a05d6580,0x00000000aab00000)
 Metaspace       used 20742K, capacity 21050K, committed 21296K, reserved 1069056K
  class space    used 2490K, capacity 2597K, committed 2688K, reserved 1048576K
Event: 1.691 GC heap after
Heap after GC invocations=4 (full 1):
 PSYoungGen      total 76288K, used 4573K [0x00000000e0000000, 0x00000000e9500000, 0x0000000100000000)
  eden space 65536K, 0% used [0x00000000e0000000,0x00000000e0000000,0x00000000e4000000)
  from space 10752K, 42% used [0x00000000e4000000,0x00000000e4477400,0x00000000e4a80000)
  to   space 10752K, 0% used [0x00000000e8a80000,0x00000000e8a80000,0x00000000e9500000)
 ParOldGen       total 175104K, used 5985K [0x00000000a0000000, 0x00000000aab00000, 0x00000000e0000000)
  object space 175104K, 3% used [0x00000000a0000000,0x00000000a05d8580,0x00000000aab00000)
 Metaspace       used 20742K, capacity 21050K, committed 21296K, reserved 1069056K
  class space    used 2490K, capacity 2597K, committed 2688K, reserved 1048576K
}
Event: 1.691 GC heap before
{Heap before GC invocations=5 (full 2):
 PSYoungGen      total 76288K, used 4573K [0x00000000e0000000, 0x00000000e9500000, 0x0000000100000000)
  eden space 65536K, 0% used [0x00000000e0000000,0x00000000e0000000,0x00000000e4000000)
  from space 10752K, 42% used [0x00000000e4000000,0x00000000e4477400,0x00000000e4a80000)
  to   space 10752K, 0% used [0x00000000e8a80000,0x00000000e8a80000,0x00000000e9500000)
 ParOldGen       total 175104K, used 5985K [0x00000000a0000000, 0x00000000aab00000, 0x00000000e0000000)
  object space 175104K, 3% used [0x00000000a0000000,0x00000000a05d8580,0x00000000aab00000)
 Metaspace       used 20742K, capacity 21050K, committed 21296K, reserved 1069056K
  class space    used 2490K, capacity 2597K, committed 2688K, reserved 1048576K
Event: 1.713 GC heap after
Heap after GC invocations=5 (full 2):
 PSYoungGen      total 76288K, used 0K [0x00000000e0000000, 0x00000000e9500000, 0x0000000100000000)
  eden space 65536K, 0% used [0x00000000e0000000,0x00000000e0000000,0x00000000e4000000)
  from space 10752K, 0% used [0x00000000e4000000,0x00000000e4000000,0x00000000e4a80000)
  to   space 10752K, 0% used [0x00000000e8a80000,0x00000000e8a80000,0x00000000e9500000)
 ParOldGen       total 89088K, used 6017K [0x00000000a0000000, 0x00000000a5700000, 0x00000000e0000000)
  object space 89088K, 6% used [0x00000000a0000000,0x00000000a05e0670,0x00000000a5700000)
 Metaspace       used 20742K, capacity 21050K, committed 21296K, reserved 1069056K
  class space    used 2490K, capacity 2597K, committed 2688K, reserved 1048576K
}
Event: 2.851 GC heap before
{Heap before GC invocations=6 (full 2):
 PSYoungGen      total 76288K, used 65536K [0x00000000e0000000, 0x00000000e9500000, 0x0000000100000000)
  eden space 65536K, 100% used [0x00000000e0000000,0x00000000e4000000,0x00000000e4000000)
  from space 10752K, 0% used [0x00000000e4000000,0x00000000e4000000,0x00000000e4a80000)
  to   space 10752K, 0% used [0x00000000e8a80000,0x00000000e8a80000,0x00000000e9500000)
 ParOldGen       total 89088K, used 6017K [0x00000000a0000000, 0x00000000a5700000, 0x00000000e0000000)
  object space 89088K, 6% used [0x00000000a0000000,0x00000000a05e0670,0x00000000a5700000)
 Metaspace       used 29833K, capacity 30276K, committed 30592K, reserved 1075200K
  class space    used 3756K, capacity 3906K, committed 3968K, reserved 1048576K
Event: 2.866 GC heap after
Heap after GC invocations=6 (full 2):
 PSYoungGen      total 125440K, used 10722K [0x00000000e0000000, 0x00000000e9500000, 0x0000000100000000)
  eden space 114688K, 0% used [0x00000000e0000000,0x00000000e0000000,0x00000000e7000000)
  from space 10752K, 99% used [0x00000000e8a80000,0x00000000e94f8bc0,0x00000000e9500000)
  to   space 10752K, 0% used [0x00000000e8000000,0x00000000e8000000,0x00000000e8a80000)
 ParOldGen       total 89088K, used 11291K [0x00000000a0000000, 0x00000000a5700000, 0x00000000e0000000)
  object space 89088K, 12% used [0x00000000a0000000,0x00000000a0b06c28,0x00000000a5700000)
 Metaspace       used 29833K, capacity 30276K, committed 30592K, reserved 1075200K
  class space    used 3756K, capacity 3906K, committed 3968K, reserved 1048576K
}
Event: 3.460 GC heap before
{Heap before GC invocations=7 (full 2):
 PSYoungGen      total 125440K, used 45891K [0x00000000e0000000, 0x00000000e9500000, 0x0000000100000000)
  eden space 114688K, 30% used [0x00000000e0000000,0x00000000e22581b0,0x00000000e7000000)
  from space 10752K, 99% used [0x00000000e8a80000,0x00000000e94f8bc0,0x00000000e9500000)
  to   space 10752K, 0% used [0x00000000e8000000,0x00000000e8000000,0x00000000e8a80000)
 ParOldGen       total 89088K, used 11291K [0x00000000a0000000, 0x00000000a5700000, 0x00000000e0000000)
  object space 89088K, 12% used [0x00000000a0000000,0x00000000a0b06c28,0x00000000a5700000)
 Metaspace       used 34852K, capacity 35343K, committed 35496K, reserved 1081344K
  class space    used 4345K, capacity 4482K, committed 4520K, reserved 1048576K
Event: 3.470 GC heap after
Heap after GC invocations=7 (full 2):
 PSYoungGen      total 141824K, used 10739K [0x00000000e0000000, 0x00000000ed480000, 0x0000000100000000)
  eden space 131072K, 0% used [0x00000000e0000000,0x00000000e0000000,0x00000000e8000000)
  from space 10752K, 99% used [0x00000000e8000000,0x00000000e8a7cee0,0x00000000e8a80000)
  to   space 10752K, 0% used [0x00000000eca00000,0x00000000eca00000,0x00000000ed480000)
 ParOldGen       total 89088K, used 15107K [0x00000000a0000000, 0x00000000a5700000, 0x00000000e0000000)
  object space 89088K, 16% used [0x00000000a0000000,0x00000000a0ec0c60,0x00000000a5700000)
 Metaspace       used 34852K, capacity 35343K, committed 35496K, reserved 1081344K
  class space    used 4345K, capacity 4482K, committed 4520K, reserved 1048576K
}
Event: 3.470 GC heap before
{Heap before GC invocations=8 (full 3):
 PSYoungGen      total 141824K, used 10739K [0x00000000e0000000, 0x00000000ed480000, 0x0000000100000000)
  eden space 131072K, 0% used [0x00000000e0000000,0x00000000e0000000,0x00000000e8000000)
  from space 10752K, 99% used [0x00000000e8000000,0x00000000e8a7cee0,0x00000000e8a80000)
  to   space 10752K, 0% used [0x00000000eca00000,0x00000000eca00000,0x00000000ed480000)
 ParOldGen       total 89088K, used 15107K [0x00000000a0000000, 0x00000000a5700000, 0x00000000e0000000)
  object space 89088K, 16% used [0x00000000a0000000,0x00000000a0ec0c60,0x00000000a5700000)
 Metaspace       used 34852K, capacity 35343K, committed 35496K, reserved 1081344K
  class space    used 4345K, capacity 4482K, committed 4520K, reserved 1048576K
Event: 3.556 GC heap after
Heap after GC invocations=8 (full 3):
 PSYoungGen      total 141824K, used 0K [0x00000000e0000000, 0x00000000ed480000, 0x0000000100000000)
  eden space 131072K, 0% used [0x00000000e0000000,0x00000000e0000000,0x00000000e8000000)
  from space 10752K, 0% used [0x00000000e8000000,0x00000000e8000000,0x00000000e8a80000)
  to   space 10752K, 0% used [0x00000000eca00000,0x00000000eca00000,0x00000000ed480000)
 ParOldGen       total 140288K, used 19632K [0x00000000a0000000, 0x00000000a8900000, 0x00000000e0000000)
  object space 140288K, 13% used [0x00000000a0000000,0x00000000a132c2e8,0x00000000a8900000)
 Metaspace       used 34852K, capacity 35343K, committed 35496K, reserved 1081344K
  class space    used 4345K, capacity 4482K, committed 4520K, reserved 1048576K
}

