# JRE version: OpenJDK Runtime Environment (8.0_152-b02) (build 1.8.0_152-release-1024-b02)
# Java VM: OpenJDK 64-Bit Server VM (25.152-b02 mixed mode windows-amd64 compressed oops)
Heap:
 PSYoungGen      total 468992K, used 23868K [0x00000000e0000000, 0x0000000100000000, 0x0000000100000000)
  eden space 415232K, 3% used [0x00000000e0000000,0x00000000e0c32e20,0x00000000f9580000)
  from space 53760K, 21% used [0x00000000f9580000,0x00000000fa09c410,0x00000000fca00000)
  to   space 53760K, 0% used [0x00000000fcb80000,0x00000000fcb80000,0x0000000100000000)
 ParOldGen       total 369152K, used 75324K [0x00000000a0000000, 0x00000000b6880000, 0x00000000e0000000)
  object space 369152K, 20% used [0x00000000a0000000,0x00000000a498f140,0x00000000b6880000)
 Metaspace       used 95875K, capacity 100475K, committed 103116K, reserved 1138688K
  class space    used 12255K, capacity 13256K, committed 13824K, reserved 1048576K
GC Heap History (10 events):
Event: 855.716 GC heap before
{Heap before GC invocations=25 (full 3):
 PSYoungGen      total 353792K, used 341478K [0x00000000e0000000, 0x00000000ff080000, 0x0000000100000000)
  eden space 304128K, 100% used [0x00000000e0000000,0x00000000f2900000,0x00000000f2900000)
  from space 49664K, 75% used [0x00000000f2900000,0x00000000f4d79a38,0x00000000f5980000)
  to   space 52736K, 0% used [0x00000000fbd00000,0x00000000fbd00000,0x00000000ff080000)
 ParOldGen       total 276992K, used 79929K [0x00000000a0000000, 0x00000000b0e80000, 0x00000000e0000000)
  object space 276992K, 28% used [0x00000000a0000000,0x00000000a4e0e5d8,0x00000000b0e80000)
 Metaspace       used 84847K, capacity 90051K, committed 90200K, reserved 1126400K
  class space    used 11303K, capacity 12353K, committed 12416K, reserved 1048576K
Event: 855.758 GC heap after
Heap after GC invocations=25 (full 3):
 PSYoungGen      total 450048K, used 39072K [0x00000000e0000000, 0x00000000ff100000, 0x0000000100000000)
  eden space 397312K, 0% used [0x00000000e0000000,0x00000000e0000000,0x00000000f8400000)
  from space 52736K, 74% used [0x00000000fbd00000,0x00000000fe328018,0x00000000ff080000)
  to   space 55808K, 0% used [0x00000000f8400000,0x00000000f8400000,0x00000000fba80000)
 ParOldGen       total 276992K, used 87117K [0x00000000a0000000, 0x00000000b0e80000, 0x00000000e0000000)
  object space 276992K, 31% used [0x00000000a0000000,0x00000000a5513768,0x00000000b0e80000)
 Metaspace       used 84847K, capacity 90051K, committed 90200K, reserved 1126400K
  class space    used 11303K, capacity 12353K, committed 12416K, reserved 1048576K
}
Event: 923.784 GC heap before
{Heap before GC invocations=26 (full 3):
 PSYoungGen      total 450048K, used 436384K [0x00000000e0000000, 0x00000000ff100000, 0x0000000100000000)
  eden space 397312K, 100% used [0x00000000e0000000,0x00000000f8400000,0x00000000f8400000)
  from space 52736K, 74% used [0x00000000fbd00000,0x00000000fe328018,0x00000000ff080000)
  to   space 55808K, 0% used [0x00000000f8400000,0x00000000f8400000,0x00000000fba80000)
 ParOldGen       total 276992K, used 87117K [0x00000000a0000000, 0x00000000b0e80000, 0x00000000e0000000)
  object space 276992K, 31% used [0x00000000a0000000,0x00000000a5513768,0x00000000b0e80000)
 Metaspace       used 86080K, capacity 91851K, committed 91992K, reserved 1128448K
  class space    used 11422K, capacity 12572K, committed 12672K, reserved 1048576K
Event: 923.824 GC heap after
Heap after GC invocations=26 (full 3):
 PSYoungGen      total 453120K, used 26904K [0x00000000e0000000, 0x00000000ffe00000, 0x0000000100000000)
  eden space 397312K, 0% used [0x00000000e0000000,0x00000000e0000000,0x00000000f8400000)
  from space 55808K, 48% used [0x00000000f8400000,0x00000000f9e46340,0x00000000fba80000)
  to   space 53248K, 0% used [0x00000000fca00000,0x00000000fca00000,0x00000000ffe00000)
 ParOldGen       total 276992K, used 103206K [0x00000000a0000000, 0x00000000b0e80000, 0x00000000e0000000)
  object space 276992K, 37% used [0x00000000a0000000,0x00000000a64c9ab8,0x00000000b0e80000)
 Metaspace       used 86080K, capacity 91851K, committed 91992K, reserved 1128448K
  class space    used 11422K, capacity 12572K, committed 12672K, reserved 1048576K
}
Event: 1061.073 GC heap before
{Heap before GC invocations=27 (full 3):
 PSYoungGen      total 453120K, used 182583K [0x00000000e0000000, 0x00000000ffe00000, 0x0000000100000000)
  eden space 397312K, 39% used [0x00000000e0000000,0x00000000e9807b70,0x00000000f8400000)
  from space 55808K, 48% used [0x00000000f8400000,0x00000000f9e46340,0x00000000fba80000)
  to   space 53248K, 0% used [0x00000000fca00000,0x00000000fca00000,0x00000000ffe00000)
 ParOldGen       total 276992K, used 103206K [0x00000000a0000000, 0x00000000b0e80000, 0x00000000e0000000)
  object space 276992K, 37% used [0x00000000a0000000,0x00000000a64c9ab8,0x00000000b0e80000)
 Metaspace       used 92103K, capacity 98281K, committed 98380K, reserved 1134592K
  class space    used 12133K, capacity 13397K, committed 13440K, reserved 1048576K
Event: 1061.091 GC heap after
Heap after GC invocations=27 (full 3):
 PSYoungGen      total 468480K, used 33989K [0x00000000e0000000, 0x00000000ffe80000, 0x0000000100000000)
  eden space 415232K, 0% used [0x00000000e0000000,0x00000000e0000000,0x00000000f9580000)
  from space 53248K, 63% used [0x00000000fca00000,0x00000000feb31480,0x00000000ffe00000)
  to   space 53760K, 0% used [0x00000000f9580000,0x00000000f9580000,0x00000000fca00000)
 ParOldGen       total 276992K, used 103851K [0x00000000a0000000, 0x00000000b0e80000, 0x00000000e0000000)
  object space 276992K, 37% used [0x00000000a0000000,0x00000000a656ac38,0x00000000b0e80000)
 Metaspace       used 92103K, capacity 98281K, committed 98380K, reserved 1134592K
  class space    used 12133K, capacity 13397K, committed 13440K, reserved 1048576K
}
Event: 1061.091 GC heap before
{Heap before GC invocations=28 (full 4):
 PSYoungGen      total 468480K, used 33989K [0x00000000e0000000, 0x00000000ffe80000, 0x0000000100000000)
  eden space 415232K, 0% used [0x00000000e0000000,0x00000000e0000000,0x00000000f9580000)
  from space 53248K, 63% used [0x00000000fca00000,0x00000000feb31480,0x00000000ffe00000)
  to   space 53760K, 0% used [0x00000000f9580000,0x00000000f9580000,0x00000000fca00000)
 ParOldGen       total 276992K, used 103851K [0x00000000a0000000, 0x00000000b0e80000, 0x00000000e0000000)
  object space 276992K, 37% used [0x00000000a0000000,0x00000000a656ac38,0x00000000b0e80000)
 Metaspace       used 92103K, capacity 98281K, committed 98380K, reserved 1134592K
  class space    used 12133K, capacity 13397K, committed 13440K, reserved 1048576K
Event: 1061.276 GC heap after
Heap after GC invocations=28 (full 4):
 PSYoungGen      total 468480K, used 0K [0x00000000e0000000, 0x00000000ffe80000, 0x0000000100000000)
  eden space 415232K, 0% used [0x00000000e0000000,0x00000000e0000000,0x00000000f9580000)
  from space 53248K, 0% used [0x00000000fca00000,0x00000000fca00000,0x00000000ffe00000)
  to   space 53760K, 0% used [0x00000000f9580000,0x00000000f9580000,0x00000000fca00000)
 ParOldGen       total 369152K, used 75316K [0x00000000a0000000, 0x00000000b6880000, 0x00000000e0000000)
  object space 369152K, 20% used [0x00000000a0000000,0x00000000a498d140,0x00000000b6880000)
 Metaspace       used 91082K, capacity 95569K, committed 98380K, reserved 1134592K
  class space    used 11778K, capacity 12787K, committed 13440K, reserved 1048576K
}
Event: 1073.918 GC heap before
{Heap before GC invocations=29 (full 4):
 PSYoungGen      total 468480K, used 415232K [0x00000000e0000000, 0x00000000ffe80000, 0x0000000100000000)
  eden space 415232K, 100% used [0x00000000e0000000,0x00000000f9580000,0x00000000f9580000)
  from space 53248K, 0% used [0x00000000fca00000,0x00000000fca00000,0x00000000ffe00000)
  to   space 53760K, 0% used [0x00000000f9580000,0x00000000f9580000,0x00000000fca00000)
 ParOldGen       total 369152K, used 75316K [0x00000000a0000000, 0x00000000b6880000, 0x00000000e0000000)
  object space 369152K, 20% used [0x00000000a0000000,0x00000000a498d140,0x00000000b6880000)
 Metaspace       used 95850K, capacity 100437K, committed 103116K, reserved 1138688K
  class space    used 12250K, capacity 13249K, committed 13824K, reserved 1048576K
Event: 1073.927 GC heap after
Heap after GC invocations=29 (full 4):
 PSYoungGen      total 468992K, used 11377K [0x00000000e0000000, 0x0000000100000000, 0x0000000100000000)
  eden space 415232K, 0% used [0x00000000e0000000,0x00000000e0000000,0x00000000f9580000)
  from space 53760K, 21% used [0x00000000f9580000,0x00000000fa09c410,0x00000000fca00000)
  to   space 53760K, 0% used [0x00000000fcb80000,0x00000000fcb80000,0x0000000100000000)
 ParOldGen       total 369152K, used 75324K [0x00000000a0000000, 0x00000000b6880000, 0x00000000e0000000)
  object space 369152K, 20% used [0x00000000a0000000,0x00000000a498f140,0x00000000b6880000)
 Metaspace       used 95850K, capacity 100437K, committed 103116K, reserved 1138688K
  class space    used 12250K, capacity 13249K, committed 13824K, reserved 1048576K
}

